[0329/093918.536:ERROR:crash_report_database_win.cc(469)] failed to stat report
[0329/093918.538:ERROR:crash_report_database_win.cc(469)] failed to stat report
[0329/093918.538:ERROR:crash_report_database_win.cc(469)] failed to stat report
[0329/093918.538:ERROR:crash_report_database_win.cc(469)] failed to stat report
[0329/094850.679:ERROR:crash_report_database_win.cc(469)] failed to stat report
[0329/094850.680:ERROR:crash_report_database_win.cc(469)] failed to stat report
[0329/094850.680:ERROR:crash_report_database_win.cc(469)] failed to stat report
[0329/094850.681:ERROR:crash_report_database_win.cc(469)] failed to stat report
[0329/094918.536:ERROR:crash_report_database_win.cc(469)] failed to stat report
[0329/094918.537:ERROR:crash_report_database_win.cc(469)] failed to stat report
[0329/094918.537:ERROR:crash_report_database_win.cc(469)] failed to stat report
[0329/094918.537:ERROR:crash_report_database_win.cc(469)] failed to stat report
[0329/094918.538:ERROR:crash_report_database_win.cc(469)] failed to stat report
[0329/094918.538:ERROR:crash_report_database_win.cc(469)] failed to stat report
[0329/094918.538:ERROR:crash_report_database_win.cc(469)] failed to stat report
[0329/094918.538:ERROR:crash_report_database_win.cc(469)] failed to stat report
[0329/095037.135:ERROR:crash_report_database_win.cc(469)] failed to stat report
[0329/095037.137:ERROR:crash_report_database_win.cc(469)] failed to stat report
[0329/095037.137:ERROR:crash_report_database_win.cc(469)] failed to stat report
[0329/095037.137:ERROR:crash_report_database_win.cc(469)] failed to stat report
[0329/095418.540:ERROR:crash_report_database_win.cc(469)] failed to stat report
[0329/095418.540:ERROR:crash_report_database_win.cc(469)] failed to stat report
[0329/095418.540:ERROR:crash_report_database_win.cc(469)] failed to stat report
[0329/095418.540:ERROR:crash_report_database_win.cc(469)] failed to stat report
[0329/100918.540:ERROR:crash_report_database_win.cc(469)] failed to stat report
[0329/100918.541:ERROR:crash_report_database_win.cc(469)] failed to stat report
[0329/100918.541:ERROR:crash_report_database_win.cc(469)] failed to stat report
[0329/100918.541:ERROR:crash_report_database_win.cc(469)] failed to stat report
[0329/102418.544:ERROR:crash_report_database_win.cc(469)] failed to stat report
[0329/102418.544:ERROR:crash_report_database_win.cc(469)] failed to stat report
[0329/102418.544:ERROR:crash_report_database_win.cc(469)] failed to stat report
[0329/102418.544:ERROR:crash_report_database_win.cc(469)] failed to stat report
[0329/103918.546:ERROR:crash_report_database_win.cc(469)] failed to stat report
[0329/103918.546:ERROR:crash_report_database_win.cc(469)] failed to stat report
[0329/103918.546:ERROR:crash_report_database_win.cc(469)] failed to stat report
[0329/103918.546:ERROR:crash_report_database_win.cc(469)] failed to stat report
[0329/105413.361:ERROR:crash_report_database_win.cc(469)] failed to stat report
[0329/105413.361:ERROR:crash_report_database_win.cc(469)] failed to stat report
[0329/105413.362:ERROR:crash_report_database_win.cc(469)] failed to stat report
[0329/105413.362:ERROR:crash_report_database_win.cc(469)] failed to stat report
[0329/105727.929:ERROR:crash_report_database_win.cc(469)] failed to stat report
[0329/105727.931:ERROR:crash_report_database_win.cc(469)] failed to stat report
[0329/105727.931:ERROR:crash_report_database_win.cc(469)] failed to stat report
[0329/105727.931:ERROR:crash_report_database_win.cc(469)] failed to stat report
[0329/110651.916:ERROR:crash_report_database_win.cc(469)] failed to stat report
[0329/110651.917:ERROR:crash_report_database_win.cc(469)] failed to stat report
[0329/110651.917:ERROR:crash_report_database_win.cc(469)] failed to stat report
[0329/110651.918:ERROR:crash_report_database_win.cc(469)] failed to stat report
[0329/110913.363:ERROR:crash_report_database_win.cc(469)] failed to stat report
[0329/110913.363:ERROR:crash_report_database_win.cc(469)] failed to stat report
[0329/110913.363:ERROR:crash_report_database_win.cc(469)] failed to stat report
[0329/110913.363:ERROR:crash_report_database_win.cc(469)] failed to stat report
[0329/112115.024:ERROR:crash_report_database_win.cc(469)] failed to stat report
[0329/112115.025:ERROR:crash_report_database_win.cc(469)] failed to stat report
[0329/112115.025:ERROR:crash_report_database_win.cc(469)] failed to stat report
[0329/112115.025:ERROR:crash_report_database_win.cc(469)] failed to stat report
[0329/113115.024:ERROR:crash_report_database_win.cc(469)] failed to stat report
[0329/113115.024:ERROR:crash_report_database_win.cc(469)] failed to stat report
[0329/113115.024:ERROR:crash_report_database_win.cc(469)] failed to stat report
[0329/113115.024:ERROR:crash_report_database_win.cc(469)] failed to stat report
[0329/113115.025:ERROR:crash_report_database_win.cc(469)] failed to stat report
[0329/113115.025:ERROR:crash_report_database_win.cc(469)] failed to stat report
[0329/113115.025:ERROR:crash_report_database_win.cc(469)] failed to stat report
[0329/113115.025:ERROR:crash_report_database_win.cc(469)] failed to stat report
[0329/113615.026:ERROR:crash_report_database_win.cc(469)] failed to stat report
[0329/113615.026:ERROR:crash_report_database_win.cc(469)] failed to stat report
[0329/113615.026:ERROR:crash_report_database_win.cc(469)] failed to stat report
[0329/113615.026:ERROR:crash_report_database_win.cc(469)] failed to stat report
[0329/230537.115:ERROR:crash_report_database_win.cc(469)] failed to stat report
[0329/230537.116:ERROR:crash_report_database_win.cc(469)] failed to stat report
[0329/230537.116:ERROR:crash_report_database_win.cc(469)] failed to stat report
[0329/230537.116:ERROR:crash_report_database_win.cc(469)] failed to stat report
[0329/231537.115:ERROR:crash_report_database_win.cc(469)] failed to stat report
[0329/231537.115:ERROR:crash_report_database_win.cc(469)] failed to stat report
[0329/231537.116:ERROR:crash_report_database_win.cc(469)] failed to stat report
[0329/231537.116:ERROR:crash_report_database_win.cc(469)] failed to stat report
[0329/231537.116:ERROR:crash_report_database_win.cc(469)] failed to stat report
[0329/231537.116:ERROR:crash_report_database_win.cc(469)] failed to stat report
[0329/231537.116:ERROR:crash_report_database_win.cc(469)] failed to stat report
[0329/231537.117:ERROR:crash_report_database_win.cc(469)] failed to stat report
[0329/232037.118:ERROR:crash_report_database_win.cc(469)] failed to stat report
[0329/232037.118:ERROR:crash_report_database_win.cc(469)] failed to stat report
[0329/232037.118:ERROR:crash_report_database_win.cc(469)] failed to stat report
[0329/232037.119:ERROR:crash_report_database_win.cc(469)] failed to stat report
[0329/233537.120:ERROR:crash_report_database_win.cc(469)] failed to stat report
[0329/233537.120:ERROR:crash_report_database_win.cc(469)] failed to stat report
[0329/233537.120:ERROR:crash_report_database_win.cc(469)] failed to stat report
[0329/233537.120:ERROR:crash_report_database_win.cc(469)] failed to stat report
[0329/235037.120:ERROR:crash_report_database_win.cc(469)] failed to stat report
[0329/235037.121:ERROR:crash_report_database_win.cc(469)] failed to stat report
[0329/235037.121:ERROR:crash_report_database_win.cc(469)] failed to stat report
[0329/235037.121:ERROR:crash_report_database_win.cc(469)] failed to stat report
[0330/101220.501:ERROR:crash_report_database_win.cc(469)] failed to stat report
[0330/101220.502:ERROR:crash_report_database_win.cc(469)] failed to stat report
[0330/101220.503:ERROR:crash_report_database_win.cc(469)] failed to stat report
[0330/101220.503:ERROR:crash_report_database_win.cc(469)] failed to stat report
[0330/102220.501:ERROR:crash_report_database_win.cc(469)] failed to stat report
[0330/102220.501:ERROR:crash_report_database_win.cc(469)] failed to stat report
[0330/102220.501:ERROR:crash_report_database_win.cc(469)] failed to stat report
[0330/102220.501:ERROR:crash_report_database_win.cc(469)] failed to stat report
[0330/102220.502:ERROR:crash_report_database_win.cc(469)] failed to stat report
[0330/102220.502:ERROR:crash_report_database_win.cc(469)] failed to stat report
[0330/102220.502:ERROR:crash_report_database_win.cc(469)] failed to stat report
[0330/102220.502:ERROR:crash_report_database_win.cc(469)] failed to stat report
[0330/102720.504:ERROR:crash_report_database_win.cc(469)] failed to stat report
[0330/102720.505:ERROR:crash_report_database_win.cc(469)] failed to stat report
[0330/102720.505:ERROR:crash_report_database_win.cc(469)] failed to stat report
[0330/102720.505:ERROR:crash_report_database_win.cc(469)] failed to stat report
[0330/104220.505:ERROR:crash_report_database_win.cc(469)] failed to stat report
[0330/104220.506:ERROR:crash_report_database_win.cc(469)] failed to stat report
[0330/104220.506:ERROR:crash_report_database_win.cc(469)] failed to stat report
[0330/104220.506:ERROR:crash_report_database_win.cc(469)] failed to stat report
[0330/105720.506:ERROR:crash_report_database_win.cc(469)] failed to stat report
[0330/105720.507:ERROR:crash_report_database_win.cc(469)] failed to stat report
[0330/105720.507:ERROR:crash_report_database_win.cc(469)] failed to stat report
[0330/105720.507:ERROR:crash_report_database_win.cc(469)] failed to stat report
[0330/111220.507:ERROR:crash_report_database_win.cc(469)] failed to stat report
[0330/111220.507:ERROR:crash_report_database_win.cc(469)] failed to stat report
[0330/111220.508:ERROR:crash_report_database_win.cc(469)] failed to stat report
[0330/111220.508:ERROR:crash_report_database_win.cc(469)] failed to stat report
[0330/112720.509:ERROR:crash_report_database_win.cc(469)] failed to stat report
[0330/112720.510:ERROR:crash_report_database_win.cc(469)] failed to stat report
[0330/112720.510:ERROR:crash_report_database_win.cc(469)] failed to stat report
[0330/112720.510:ERROR:crash_report_database_win.cc(469)] failed to stat report
[0330/130453.233:ERROR:crash_report_database_win.cc(469)] failed to stat report
[0330/130453.235:ERROR:crash_report_database_win.cc(469)] failed to stat report
[0330/130453.235:ERROR:crash_report_database_win.cc(469)] failed to stat report
[0330/130453.235:ERROR:crash_report_database_win.cc(469)] failed to stat report
[0330/131453.235:ERROR:crash_report_database_win.cc(469)] failed to stat report
[0330/131453.236:ERROR:crash_report_database_win.cc(469)] failed to stat report
[0330/131453.236:ERROR:crash_report_database_win.cc(469)] failed to stat report
[0330/131453.236:ERROR:crash_report_database_win.cc(469)] failed to stat report
[0330/131453.236:ERROR:crash_report_database_win.cc(469)] failed to stat report
[0330/131453.237:ERROR:crash_report_database_win.cc(469)] failed to stat report
[0330/131453.237:ERROR:crash_report_database_win.cc(469)] failed to stat report
[0330/131453.237:ERROR:crash_report_database_win.cc(469)] failed to stat report
[0330/131953.237:ERROR:crash_report_database_win.cc(469)] failed to stat report
[0330/131953.237:ERROR:crash_report_database_win.cc(469)] failed to stat report
[0330/131953.237:ERROR:crash_report_database_win.cc(469)] failed to stat report
[0330/131953.237:ERROR:crash_report_database_win.cc(469)] failed to stat report
[0330/133453.237:ERROR:crash_report_database_win.cc(469)] failed to stat report
[0330/133453.238:ERROR:crash_report_database_win.cc(469)] failed to stat report
[0330/133453.238:ERROR:crash_report_database_win.cc(469)] failed to stat report
[0330/133453.238:ERROR:crash_report_database_win.cc(469)] failed to stat report
[0330/134953.238:ERROR:crash_report_database_win.cc(469)] failed to stat report
[0330/134953.238:ERROR:crash_report_database_win.cc(469)] failed to stat report
[0330/134953.239:ERROR:crash_report_database_win.cc(469)] failed to stat report
[0330/134953.239:ERROR:crash_report_database_win.cc(469)] failed to stat report
[0330/140453.239:ERROR:crash_report_database_win.cc(469)] failed to stat report
[0330/140453.240:ERROR:crash_report_database_win.cc(469)] failed to stat report
[0330/140453.240:ERROR:crash_report_database_win.cc(469)] failed to stat report
[0330/140453.240:ERROR:crash_report_database_win.cc(469)] failed to stat report
[0330/145138.516:ERROR:crash_report_database_win.cc(469)] failed to stat report
[0330/145138.517:ERROR:crash_report_database_win.cc(469)] failed to stat report
[0330/145138.517:ERROR:crash_report_database_win.cc(469)] failed to stat report
[0330/145138.517:ERROR:crash_report_database_win.cc(469)] failed to stat report
[0330/150638.527:ERROR:crash_report_database_win.cc(469)] failed to stat report
[0330/150638.527:ERROR:crash_report_database_win.cc(469)] failed to stat report
[0330/150638.527:ERROR:crash_report_database_win.cc(469)] failed to stat report
[0330/150638.527:ERROR:crash_report_database_win.cc(469)] failed to stat report
[0330/152138.529:ERROR:crash_report_database_win.cc(469)] failed to stat report
[0330/152138.529:ERROR:crash_report_database_win.cc(469)] failed to stat report
[0330/152138.530:ERROR:crash_report_database_win.cc(469)] failed to stat report
[0330/152138.530:ERROR:crash_report_database_win.cc(469)] failed to stat report
[0330/235220.788:ERROR:crash_report_database_win.cc(469)] failed to stat report
[0330/235220.789:ERROR:crash_report_database_win.cc(469)] failed to stat report
[0330/235220.789:ERROR:crash_report_database_win.cc(469)] failed to stat report
[0330/235220.790:ERROR:crash_report_database_win.cc(469)] failed to stat report
[0331/000220.788:ERROR:crash_report_database_win.cc(469)] failed to stat report
[0331/000220.788:ERROR:crash_report_database_win.cc(469)] failed to stat report
[0331/000220.788:ERROR:crash_report_database_win.cc(469)] failed to stat report
[0331/000220.788:ERROR:crash_report_database_win.cc(469)] failed to stat report
[0331/000220.790:ERROR:crash_report_database_win.cc(469)] failed to stat report
[0331/000220.790:ERROR:crash_report_database_win.cc(469)] failed to stat report
[0331/000220.790:ERROR:crash_report_database_win.cc(469)] failed to stat report
[0331/000220.790:ERROR:crash_report_database_win.cc(469)] failed to stat report
[0331/000720.790:ERROR:crash_report_database_win.cc(469)] failed to stat report
[0331/000720.791:ERROR:crash_report_database_win.cc(469)] failed to stat report
[0331/000720.791:ERROR:crash_report_database_win.cc(469)] failed to stat report
[0331/000720.791:ERROR:crash_report_database_win.cc(469)] failed to stat report
[0331/002220.793:ERROR:crash_report_database_win.cc(469)] failed to stat report
[0331/002220.793:ERROR:crash_report_database_win.cc(469)] failed to stat report
[0331/002220.793:ERROR:crash_report_database_win.cc(469)] failed to stat report
[0331/002220.793:ERROR:crash_report_database_win.cc(469)] failed to stat report
[0331/093128.502:ERROR:crash_report_database_win.cc(469)] failed to stat report
[0331/093128.504:ERROR:crash_report_database_win.cc(469)] failed to stat report
[0331/093128.504:ERROR:crash_report_database_win.cc(469)] failed to stat report
[0331/093128.504:ERROR:crash_report_database_win.cc(469)] failed to stat report
[0331/094128.503:ERROR:crash_report_database_win.cc(469)] failed to stat report
[0331/094128.504:ERROR:crash_report_database_win.cc(469)] failed to stat report
[0331/094128.504:ERROR:crash_report_database_win.cc(469)] failed to stat report
[0331/094128.504:ERROR:crash_report_database_win.cc(469)] failed to stat report
[0331/094128.504:ERROR:crash_report_database_win.cc(469)] failed to stat report
[0331/094128.504:ERROR:crash_report_database_win.cc(469)] failed to stat report
[0331/094128.505:ERROR:crash_report_database_win.cc(469)] failed to stat report
[0331/094128.505:ERROR:crash_report_database_win.cc(469)] failed to stat report
[0331/094628.505:ERROR:crash_report_database_win.cc(469)] failed to stat report
[0331/094628.506:ERROR:crash_report_database_win.cc(469)] failed to stat report
[0331/094628.506:ERROR:crash_report_database_win.cc(469)] failed to stat report
[0331/094628.506:ERROR:crash_report_database_win.cc(469)] failed to stat report
[0331/100128.507:ERROR:crash_report_database_win.cc(469)] failed to stat report
[0331/100128.508:ERROR:crash_report_database_win.cc(469)] failed to stat report
[0331/100128.508:ERROR:crash_report_database_win.cc(469)] failed to stat report
[0331/100128.508:ERROR:crash_report_database_win.cc(469)] failed to stat report
[0331/101628.516:ERROR:crash_report_database_win.cc(469)] failed to stat report
[0331/101628.517:ERROR:crash_report_database_win.cc(469)] failed to stat report
[0331/101628.517:ERROR:crash_report_database_win.cc(469)] failed to stat report
[0331/101628.517:ERROR:crash_report_database_win.cc(469)] failed to stat report
[0331/103128.517:ERROR:crash_report_database_win.cc(469)] failed to stat report
[0331/103128.518:ERROR:crash_report_database_win.cc(469)] failed to stat report
[0331/103128.518:ERROR:crash_report_database_win.cc(469)] failed to stat report
[0331/103128.518:ERROR:crash_report_database_win.cc(469)] failed to stat report
[0331/104628.518:ERROR:crash_report_database_win.cc(469)] failed to stat report
[0331/104628.519:ERROR:crash_report_database_win.cc(469)] failed to stat report
[0331/104628.519:ERROR:crash_report_database_win.cc(469)] failed to stat report
[0331/104628.519:ERROR:crash_report_database_win.cc(469)] failed to stat report
[0331/110128.519:ERROR:crash_report_database_win.cc(469)] failed to stat report
[0331/110128.520:ERROR:crash_report_database_win.cc(469)] failed to stat report
[0331/110128.520:ERROR:crash_report_database_win.cc(469)] failed to stat report
[0331/110128.520:ERROR:crash_report_database_win.cc(469)] failed to stat report
[0331/111628.521:ERROR:crash_report_database_win.cc(469)] failed to stat report
[0331/111628.521:ERROR:crash_report_database_win.cc(469)] failed to stat report
[0331/111628.522:ERROR:crash_report_database_win.cc(469)] failed to stat report
[0331/111628.522:ERROR:crash_report_database_win.cc(469)] failed to stat report
[0331/113128.523:ERROR:crash_report_database_win.cc(469)] failed to stat report
[0331/113128.524:ERROR:crash_report_database_win.cc(469)] failed to stat report
[0331/113128.524:ERROR:crash_report_database_win.cc(469)] failed to stat report
[0331/113128.524:ERROR:crash_report_database_win.cc(469)] failed to stat report
[0331/114628.525:ERROR:crash_report_database_win.cc(469)] failed to stat report
[0331/114628.525:ERROR:crash_report_database_win.cc(469)] failed to stat report
[0331/114628.525:ERROR:crash_report_database_win.cc(469)] failed to stat report
[0331/114628.525:ERROR:crash_report_database_win.cc(469)] failed to stat report
[0331/120412.992:ERROR:crash_report_database_win.cc(469)] failed to stat report
[0331/120412.992:ERROR:crash_report_database_win.cc(469)] failed to stat report
[0331/120412.992:ERROR:crash_report_database_win.cc(469)] failed to stat report
[0331/120412.992:ERROR:crash_report_database_win.cc(469)] failed to stat report
[0331/121912.993:ERROR:crash_report_database_win.cc(469)] failed to stat report
[0331/121912.994:ERROR:crash_report_database_win.cc(469)] failed to stat report
[0331/121912.994:ERROR:crash_report_database_win.cc(469)] failed to stat report
[0331/121912.994:ERROR:crash_report_database_win.cc(469)] failed to stat report
[0331/123412.994:ERROR:crash_report_database_win.cc(469)] failed to stat report
[0331/123412.995:ERROR:crash_report_database_win.cc(469)] failed to stat report
[0331/123412.995:ERROR:crash_report_database_win.cc(469)] failed to stat report
[0331/123412.995:ERROR:crash_report_database_win.cc(469)] failed to stat report
[0331/124913.030:ERROR:crash_report_database_win.cc(469)] failed to stat report
[0331/124913.030:ERROR:crash_report_database_win.cc(469)] failed to stat report
[0331/124913.030:ERROR:crash_report_database_win.cc(469)] failed to stat report
[0331/124913.030:ERROR:crash_report_database_win.cc(469)] failed to stat report
[0331/130413.034:ERROR:crash_report_database_win.cc(469)] failed to stat report
[0331/130413.034:ERROR:crash_report_database_win.cc(469)] failed to stat report
[0331/130413.034:ERROR:crash_report_database_win.cc(469)] failed to stat report
[0331/130413.035:ERROR:crash_report_database_win.cc(469)] failed to stat report
[0331/133026.472:ERROR:crash_report_database_win.cc(469)] failed to stat report
[0331/133026.473:ERROR:crash_report_database_win.cc(469)] failed to stat report
[0331/133026.474:ERROR:crash_report_database_win.cc(469)] failed to stat report
[0331/133026.474:ERROR:crash_report_database_win.cc(469)] failed to stat report
[0331/140519.124:ERROR:crash_report_database_win.cc(469)] failed to stat report
[0331/140519.125:ERROR:crash_report_database_win.cc(469)] failed to stat report
[0331/140519.125:ERROR:crash_report_database_win.cc(469)] failed to stat report
[0331/140519.125:ERROR:crash_report_database_win.cc(469)] failed to stat report
[0401/225058.988:ERROR:crash_report_database_win.cc(469)] failed to stat report
[0401/225058.990:ERROR:crash_report_database_win.cc(469)] failed to stat report
[0401/225058.990:ERROR:crash_report_database_win.cc(469)] failed to stat report
[0401/225058.990:ERROR:crash_report_database_win.cc(469)] failed to stat report
[0401/230058.991:ERROR:crash_report_database_win.cc(469)] failed to stat report
[0401/230058.991:ERROR:crash_report_database_win.cc(469)] failed to stat report
[0401/230058.991:ERROR:crash_report_database_win.cc(469)] failed to stat report
[0401/230058.991:ERROR:crash_report_database_win.cc(469)] failed to stat report
[0401/230058.992:ERROR:crash_report_database_win.cc(469)] failed to stat report
[0401/230058.992:ERROR:crash_report_database_win.cc(469)] failed to stat report
[0401/230058.993:ERROR:crash_report_database_win.cc(469)] failed to stat report
[0401/230058.993:ERROR:crash_report_database_win.cc(469)] failed to stat report
[0401/230558.992:ERROR:crash_report_database_win.cc(469)] failed to stat report
[0401/230558.992:ERROR:crash_report_database_win.cc(469)] failed to stat report
[0401/230558.993:ERROR:crash_report_database_win.cc(469)] failed to stat report
[0401/230558.993:ERROR:crash_report_database_win.cc(469)] failed to stat report
[0401/232058.993:ERROR:crash_report_database_win.cc(469)] failed to stat report
[0401/232058.994:ERROR:crash_report_database_win.cc(469)] failed to stat report
[0401/232058.994:ERROR:crash_report_database_win.cc(469)] failed to stat report
[0401/232058.994:ERROR:crash_report_database_win.cc(469)] failed to stat report
[0401/233558.995:ERROR:crash_report_database_win.cc(469)] failed to stat report
[0401/233558.995:ERROR:crash_report_database_win.cc(469)] failed to stat report
[0401/233558.996:ERROR:crash_report_database_win.cc(469)] failed to stat report
[0401/233558.996:ERROR:crash_report_database_win.cc(469)] failed to stat report
[0401/235058.997:ERROR:crash_report_database_win.cc(469)] failed to stat report
[0401/235058.998:ERROR:crash_report_database_win.cc(469)] failed to stat report
[0401/235058.998:ERROR:crash_report_database_win.cc(469)] failed to stat report
[0401/235058.998:ERROR:crash_report_database_win.cc(469)] failed to stat report
[0402/093500.930:ERROR:crash_report_database_win.cc(469)] failed to stat report
[0402/093500.931:ERROR:crash_report_database_win.cc(469)] failed to stat report
[0402/093500.931:ERROR:crash_report_database_win.cc(469)] failed to stat report
[0402/093500.932:ERROR:crash_report_database_win.cc(469)] failed to stat report
[0402/094500.931:ERROR:crash_report_database_win.cc(469)] failed to stat report
[0402/094500.931:ERROR:crash_report_database_win.cc(469)] failed to stat report
[0402/094500.931:ERROR:crash_report_database_win.cc(469)] failed to stat report
[0402/094500.931:ERROR:crash_report_database_win.cc(469)] failed to stat report
[0402/094500.932:ERROR:crash_report_database_win.cc(469)] failed to stat report
[0402/094500.932:ERROR:crash_report_database_win.cc(469)] failed to stat report
[0402/094500.933:ERROR:crash_report_database_win.cc(469)] failed to stat report
[0402/094500.933:ERROR:crash_report_database_win.cc(469)] failed to stat report
[0402/101114.725:ERROR:crash_report_database_win.cc(469)] failed to stat report
[0402/101114.725:ERROR:crash_report_database_win.cc(469)] failed to stat report
[0402/101114.726:ERROR:crash_report_database_win.cc(469)] failed to stat report
[0402/101114.726:ERROR:crash_report_database_win.cc(469)] failed to stat report
[0402/102614.726:ERROR:crash_report_database_win.cc(469)] failed to stat report
[0402/102614.727:ERROR:crash_report_database_win.cc(469)] failed to stat report
[0402/102614.727:ERROR:crash_report_database_win.cc(469)] failed to stat report
[0402/102614.727:ERROR:crash_report_database_win.cc(469)] failed to stat report
[0402/225403.018:ERROR:crash_report_database_win.cc(469)] failed to stat report
[0402/225403.020:ERROR:crash_report_database_win.cc(469)] failed to stat report
[0402/225403.020:ERROR:crash_report_database_win.cc(469)] failed to stat report
[0402/225403.020:ERROR:crash_report_database_win.cc(469)] failed to stat report
[0402/230403.018:ERROR:crash_report_database_win.cc(469)] failed to stat report
[0402/230403.018:ERROR:crash_report_database_win.cc(469)] failed to stat report
[0402/230403.019:ERROR:crash_report_database_win.cc(469)] failed to stat report
[0402/230403.019:ERROR:crash_report_database_win.cc(469)] failed to stat report
[0402/230403.020:ERROR:crash_report_database_win.cc(469)] failed to stat report
[0402/230403.020:ERROR:crash_report_database_win.cc(469)] failed to stat report
[0402/230403.020:ERROR:crash_report_database_win.cc(469)] failed to stat report
[0402/230403.020:ERROR:crash_report_database_win.cc(469)] failed to stat report
[0402/230903.020:ERROR:crash_report_database_win.cc(469)] failed to stat report
[0402/230903.020:ERROR:crash_report_database_win.cc(469)] failed to stat report
[0402/230903.021:ERROR:crash_report_database_win.cc(469)] failed to stat report
[0402/230903.021:ERROR:crash_report_database_win.cc(469)] failed to stat report
[0402/232403.021:ERROR:crash_report_database_win.cc(469)] failed to stat report
[0402/232403.022:ERROR:crash_report_database_win.cc(469)] failed to stat report
[0402/232403.022:ERROR:crash_report_database_win.cc(469)] failed to stat report
[0402/232403.022:ERROR:crash_report_database_win.cc(469)] failed to stat report
[0402/233903.024:ERROR:crash_report_database_win.cc(469)] failed to stat report
[0402/233903.024:ERROR:crash_report_database_win.cc(469)] failed to stat report
[0402/233903.024:ERROR:crash_report_database_win.cc(469)] failed to stat report
[0402/233903.024:ERROR:crash_report_database_win.cc(469)] failed to stat report
[0402/235403.026:ERROR:crash_report_database_win.cc(469)] failed to stat report
[0402/235403.027:ERROR:crash_report_database_win.cc(469)] failed to stat report
[0402/235403.027:ERROR:crash_report_database_win.cc(469)] failed to stat report
[0402/235403.027:ERROR:crash_report_database_win.cc(469)] failed to stat report
[0403/000903.028:ERROR:crash_report_database_win.cc(469)] failed to stat report
[0403/000903.028:ERROR:crash_report_database_win.cc(469)] failed to stat report
[0403/000903.028:ERROR:crash_report_database_win.cc(469)] failed to stat report
[0403/000903.028:ERROR:crash_report_database_win.cc(469)] failed to stat report
[0403/231416.240:ERROR:crash_report_database_win.cc(469)] failed to stat report
[0403/231416.241:ERROR:crash_report_database_win.cc(469)] failed to stat report
[0403/231416.242:ERROR:crash_report_database_win.cc(469)] failed to stat report
[0403/231416.242:ERROR:crash_report_database_win.cc(469)] failed to stat report
[0403/232416.243:ERROR:crash_report_database_win.cc(469)] failed to stat report
[0403/232416.243:ERROR:crash_report_database_win.cc(469)] failed to stat report
[0403/232416.243:ERROR:crash_report_database_win.cc(469)] failed to stat report
[0403/232416.243:ERROR:crash_report_database_win.cc(469)] failed to stat report
[0403/232416.243:ERROR:crash_report_database_win.cc(469)] failed to stat report
[0403/232416.244:ERROR:crash_report_database_win.cc(469)] failed to stat report
[0403/232416.244:ERROR:crash_report_database_win.cc(469)] failed to stat report
[0403/232416.244:ERROR:crash_report_database_win.cc(469)] failed to stat report
[0403/232916.242:ERROR:crash_report_database_win.cc(469)] failed to stat report
[0403/232916.242:ERROR:crash_report_database_win.cc(469)] failed to stat report
[0403/232916.243:ERROR:crash_report_database_win.cc(469)] failed to stat report
[0403/232916.243:ERROR:crash_report_database_win.cc(469)] failed to stat report
[0403/234416.244:ERROR:crash_report_database_win.cc(469)] failed to stat report
[0403/234416.245:ERROR:crash_report_database_win.cc(469)] failed to stat report
[0403/234416.245:ERROR:crash_report_database_win.cc(469)] failed to stat report
[0403/234416.245:ERROR:crash_report_database_win.cc(469)] failed to stat report
[0403/235516.914:ERROR:crash_report_database_win.cc(469)] failed to stat report
[0403/235516.916:ERROR:crash_report_database_win.cc(469)] failed to stat report
[0403/235516.916:ERROR:crash_report_database_win.cc(469)] failed to stat report
[0403/235516.916:ERROR:crash_report_database_win.cc(469)] failed to stat report
[0404/100403.676:ERROR:crash_report_database_win.cc(469)] failed to stat report
[0404/100403.677:ERROR:crash_report_database_win.cc(469)] failed to stat report
[0404/100403.678:ERROR:crash_report_database_win.cc(469)] failed to stat report
[0404/100403.678:ERROR:crash_report_database_win.cc(469)] failed to stat report
[0404/101403.676:ERROR:crash_report_database_win.cc(469)] failed to stat report
[0404/101403.677:ERROR:crash_report_database_win.cc(469)] failed to stat report
[0404/101403.677:ERROR:crash_report_database_win.cc(469)] failed to stat report
[0404/101403.677:ERROR:crash_report_database_win.cc(469)] failed to stat report
[0404/101403.677:ERROR:crash_report_database_win.cc(469)] failed to stat report
[0404/101403.677:ERROR:crash_report_database_win.cc(469)] failed to stat report
[0404/101403.677:ERROR:crash_report_database_win.cc(469)] failed to stat report
[0404/101403.678:ERROR:crash_report_database_win.cc(469)] failed to stat report
[0404/101903.679:ERROR:crash_report_database_win.cc(469)] failed to stat report
[0404/101903.679:ERROR:crash_report_database_win.cc(469)] failed to stat report
[0404/101903.679:ERROR:crash_report_database_win.cc(469)] failed to stat report
[0404/101903.679:ERROR:crash_report_database_win.cc(469)] failed to stat report
[0404/233010.756:ERROR:crash_report_database_win.cc(469)] failed to stat report
[0404/233010.757:ERROR:crash_report_database_win.cc(469)] failed to stat report
[0404/233010.757:ERROR:crash_report_database_win.cc(469)] failed to stat report
[0404/233010.757:ERROR:crash_report_database_win.cc(469)] failed to stat report
[0405/165451.858:ERROR:crash_report_database_win.cc(469)] failed to stat report
[0405/165451.860:ERROR:crash_report_database_win.cc(469)] failed to stat report
[0405/165451.860:ERROR:crash_report_database_win.cc(469)] failed to stat report
[0405/165451.860:ERROR:crash_report_database_win.cc(469)] failed to stat report
[0405/194626.128:ERROR:crash_report_database_win.cc(469)] failed to stat report
[0405/194626.130:ERROR:crash_report_database_win.cc(469)] failed to stat report
[0405/194626.130:ERROR:crash_report_database_win.cc(469)] failed to stat report
[0405/194626.130:ERROR:crash_report_database_win.cc(469)] failed to stat report
[0407/154321.959:ERROR:crash_report_database_win.cc(469)] failed to stat report
[0407/154321.960:ERROR:crash_report_database_win.cc(469)] failed to stat report
[0407/154321.960:ERROR:crash_report_database_win.cc(469)] failed to stat report
[0407/154321.961:ERROR:crash_report_database_win.cc(469)] failed to stat report
[0407/223504.189:ERROR:crash_report_database_win.cc(469)] failed to stat report
[0407/223504.190:ERROR:crash_report_database_win.cc(469)] failed to stat report
[0407/223504.191:ERROR:crash_report_database_win.cc(469)] failed to stat report
[0407/223504.191:ERROR:crash_report_database_win.cc(469)] failed to stat report
[0407/224504.189:ERROR:crash_report_database_win.cc(469)] failed to stat report
[0407/224504.189:ERROR:crash_report_database_win.cc(469)] failed to stat report
[0407/224504.189:ERROR:crash_report_database_win.cc(469)] failed to stat report
[0407/224504.189:ERROR:crash_report_database_win.cc(469)] failed to stat report
[0407/224504.190:ERROR:crash_report_database_win.cc(469)] failed to stat report
[0407/224504.190:ERROR:crash_report_database_win.cc(469)] failed to stat report
[0407/224504.190:ERROR:crash_report_database_win.cc(469)] failed to stat report
[0407/224504.190:ERROR:crash_report_database_win.cc(469)] failed to stat report
[0407/225004.191:ERROR:crash_report_database_win.cc(469)] failed to stat report
[0407/225004.191:ERROR:crash_report_database_win.cc(469)] failed to stat report
[0407/225004.192:ERROR:crash_report_database_win.cc(469)] failed to stat report
[0407/225004.192:ERROR:crash_report_database_win.cc(469)] failed to stat report
[0407/230504.193:ERROR:crash_report_database_win.cc(469)] failed to stat report
[0407/230504.193:ERROR:crash_report_database_win.cc(469)] failed to stat report
[0407/230504.194:ERROR:crash_report_database_win.cc(469)] failed to stat report
[0407/230504.194:ERROR:crash_report_database_win.cc(469)] failed to stat report
[0407/232004.196:ERROR:crash_report_database_win.cc(469)] failed to stat report
[0407/232004.196:ERROR:crash_report_database_win.cc(469)] failed to stat report
[0407/232004.196:ERROR:crash_report_database_win.cc(469)] failed to stat report
[0407/232004.196:ERROR:crash_report_database_win.cc(469)] failed to stat report
[0407/233504.197:ERROR:crash_report_database_win.cc(469)] failed to stat report
[0407/233504.197:ERROR:crash_report_database_win.cc(469)] failed to stat report
[0407/233504.197:ERROR:crash_report_database_win.cc(469)] failed to stat report
[0407/233504.197:ERROR:crash_report_database_win.cc(469)] failed to stat report
[0407/235604.010:ERROR:crash_report_database_win.cc(469)] failed to stat report
[0407/235604.010:ERROR:crash_report_database_win.cc(469)] failed to stat report
[0407/235604.010:ERROR:crash_report_database_win.cc(469)] failed to stat report
[0407/235604.010:ERROR:crash_report_database_win.cc(469)] failed to stat report
[0408/094028.760:ERROR:crash_report_database_win.cc(469)] failed to stat report
[0408/094028.760:ERROR:crash_report_database_win.cc(469)] failed to stat report
[0408/094028.760:ERROR:crash_report_database_win.cc(469)] failed to stat report
[0408/094028.760:ERROR:crash_report_database_win.cc(469)] failed to stat report
[0408/095528.760:ERROR:crash_report_database_win.cc(469)] failed to stat report
[0408/095528.761:ERROR:crash_report_database_win.cc(469)] failed to stat report
[0408/095528.761:ERROR:crash_report_database_win.cc(469)] failed to stat report
[0408/095528.761:ERROR:crash_report_database_win.cc(469)] failed to stat report
[0408/101028.762:ERROR:crash_report_database_win.cc(469)] failed to stat report
[0408/101028.762:ERROR:crash_report_database_win.cc(469)] failed to stat report
[0408/101028.762:ERROR:crash_report_database_win.cc(469)] failed to stat report
[0408/101028.762:ERROR:crash_report_database_win.cc(469)] failed to stat report
[0408/102528.763:ERROR:crash_report_database_win.cc(469)] failed to stat report
[0408/102528.764:ERROR:crash_report_database_win.cc(469)] failed to stat report
[0408/102528.764:ERROR:crash_report_database_win.cc(469)] failed to stat report
[0408/102528.764:ERROR:crash_report_database_win.cc(469)] failed to stat report
[0409/234853.338:ERROR:crash_report_database_win.cc(469)] failed to stat report
[0409/234853.339:ERROR:crash_report_database_win.cc(469)] failed to stat report
[0409/234853.339:ERROR:crash_report_database_win.cc(469)] failed to stat report
[0409/234853.340:ERROR:crash_report_database_win.cc(469)] failed to stat report
[0409/235853.338:ERROR:crash_report_database_win.cc(469)] failed to stat report
[0409/235853.338:ERROR:crash_report_database_win.cc(469)] failed to stat report
[0409/235853.338:ERROR:crash_report_database_win.cc(469)] failed to stat report
[0409/235853.338:ERROR:crash_report_database_win.cc(469)] failed to stat report
[0409/235853.338:ERROR:crash_report_database_win.cc(469)] failed to stat report
[0409/235853.339:ERROR:crash_report_database_win.cc(469)] failed to stat report
[0409/235853.339:ERROR:crash_report_database_win.cc(469)] failed to stat report
[0409/235853.339:ERROR:crash_report_database_win.cc(469)] failed to stat report
[0410/000353.340:ERROR:crash_report_database_win.cc(469)] failed to stat report
[0410/000353.341:ERROR:crash_report_database_win.cc(469)] failed to stat report
[0410/000353.341:ERROR:crash_report_database_win.cc(469)] failed to stat report
[0410/000353.341:ERROR:crash_report_database_win.cc(469)] failed to stat report
[0410/001853.342:ERROR:crash_report_database_win.cc(469)] failed to stat report
[0410/001853.343:ERROR:crash_report_database_win.cc(469)] failed to stat report
[0410/001853.343:ERROR:crash_report_database_win.cc(469)] failed to stat report
[0410/001853.343:ERROR:crash_report_database_win.cc(469)] failed to stat report
[0410/003353.343:ERROR:crash_report_database_win.cc(469)] failed to stat report
[0410/003353.344:ERROR:crash_report_database_win.cc(469)] failed to stat report
[0410/003353.344:ERROR:crash_report_database_win.cc(469)] failed to stat report
[0410/003353.344:ERROR:crash_report_database_win.cc(469)] failed to stat report
[0410/004853.345:ERROR:crash_report_database_win.cc(469)] failed to stat report
[0410/004853.345:ERROR:crash_report_database_win.cc(469)] failed to stat report
[0410/004853.345:ERROR:crash_report_database_win.cc(469)] failed to stat report
[0410/004853.345:ERROR:crash_report_database_win.cc(469)] failed to stat report
[0410/010353.391:ERROR:crash_report_database_win.cc(469)] failed to stat report
[0410/010353.391:ERROR:crash_report_database_win.cc(469)] failed to stat report
[0410/010353.391:ERROR:crash_report_database_win.cc(469)] failed to stat report
[0410/010353.391:ERROR:crash_report_database_win.cc(469)] failed to stat report
[0410/011853.423:ERROR:crash_report_database_win.cc(469)] failed to stat report
[0410/011853.423:ERROR:crash_report_database_win.cc(469)] failed to stat report
[0410/011853.424:ERROR:crash_report_database_win.cc(469)] failed to stat report
[0410/011853.424:ERROR:crash_report_database_win.cc(469)] failed to stat report
[0410/131946.538:ERROR:process_reader_win.cc(182)] ResumeThread: The parameter is incorrect. (0x57)
[0410/131946.549:ERROR:process_reader_win.cc(151)] SuspendThread: Access is denied. (0x5)
[0410/131946.550:ERROR:process_reader_win.cc(151)] SuspendThread: Access is denied. (0x5)
[0410/131946.550:ERROR:process_reader_win.cc(151)] SuspendThread: Access is denied. (0x5)
[0410/131946.551:ERROR:process_reader_win.cc(151)] SuspendThread: Access is denied. (0x5)
[0410/131946.551:ERROR:process_reader_win.cc(151)] SuspendThread: Access is denied. (0x5)
[0410/131946.551:ERROR:process_reader_win.cc(151)] SuspendThread: Access is denied. (0x5)
[0410/131946.552:ERROR:process_reader_win.cc(151)] SuspendThread: Access is denied. (0x5)
[0410/131946.552:ERROR:exception_snapshot_win.cc(98)] thread ID 29712 not found in process
[0417/224057.810:ERROR:crash_report_database_win.cc(469)] failed to stat report
[0417/224057.811:ERROR:crash_report_database_win.cc(469)] failed to stat report
[0417/224057.811:ERROR:crash_report_database_win.cc(469)] failed to stat report
[0417/224057.811:ERROR:crash_report_database_win.cc(469)] failed to stat report
[0417/224057.812:ERROR:crash_report_database_win.cc(469)] failed to stat report
[0417/225057.810:ERROR:crash_report_database_win.cc(469)] failed to stat report
[0417/225057.811:ERROR:crash_report_database_win.cc(469)] failed to stat report
[0417/225057.811:ERROR:crash_report_database_win.cc(469)] failed to stat report
[0417/225057.811:ERROR:crash_report_database_win.cc(469)] failed to stat report
[0417/225057.811:ERROR:crash_report_database_win.cc(469)] failed to stat report
[0417/225057.812:ERROR:crash_report_database_win.cc(469)] failed to stat report
[0417/225057.812:ERROR:crash_report_database_win.cc(469)] failed to stat report
[0417/225057.812:ERROR:crash_report_database_win.cc(469)] failed to stat report
[0417/225057.812:ERROR:crash_report_database_win.cc(469)] failed to stat report
[0417/225057.812:ERROR:crash_report_database_win.cc(469)] failed to stat report
[0417/225557.813:ERROR:crash_report_database_win.cc(469)] failed to stat report
[0417/225557.814:ERROR:crash_report_database_win.cc(469)] failed to stat report
[0417/225557.814:ERROR:crash_report_database_win.cc(469)] failed to stat report
[0417/225557.814:ERROR:crash_report_database_win.cc(469)] failed to stat report
[0417/225557.814:ERROR:crash_report_database_win.cc(469)] failed to stat report
[0417/231057.814:ERROR:crash_report_database_win.cc(469)] failed to stat report
[0417/231057.815:ERROR:crash_report_database_win.cc(469)] failed to stat report
[0417/231057.815:ERROR:crash_report_database_win.cc(469)] failed to stat report
[0417/231057.815:ERROR:crash_report_database_win.cc(469)] failed to stat report
[0417/231057.815:ERROR:crash_report_database_win.cc(469)] failed to stat report
[0417/232557.817:ERROR:crash_report_database_win.cc(469)] failed to stat report
[0417/232557.817:ERROR:crash_report_database_win.cc(469)] failed to stat report
[0417/232557.817:ERROR:crash_report_database_win.cc(469)] failed to stat report
[0417/232557.817:ERROR:crash_report_database_win.cc(469)] failed to stat report
[0417/232557.817:ERROR:crash_report_database_win.cc(469)] failed to stat report
[0417/234057.818:ERROR:crash_report_database_win.cc(469)] failed to stat report
[0417/234057.819:ERROR:crash_report_database_win.cc(469)] failed to stat report
[0417/234057.819:ERROR:crash_report_database_win.cc(469)] failed to stat report
[0417/234057.819:ERROR:crash_report_database_win.cc(469)] failed to stat report
[0417/234057.819:ERROR:crash_report_database_win.cc(469)] failed to stat report
[0417/235557.820:ERROR:crash_report_database_win.cc(469)] failed to stat report
[0417/235557.821:ERROR:crash_report_database_win.cc(469)] failed to stat report
[0417/235557.821:ERROR:crash_report_database_win.cc(469)] failed to stat report
[0417/235557.821:ERROR:crash_report_database_win.cc(469)] failed to stat report
[0417/235557.821:ERROR:crash_report_database_win.cc(469)] failed to stat report
